[03:48:03.087] [INFO] Storybook upgrade - v10.1.11
[03:48:03.090] [INFO] Detecting projects...
[03:48:03.090] [DEBUG] Finding Storybook projects...
[03:48:03.166] [DEBUG] Found 1 Storybook projects
[03:48:03.168] [INFO] Detecting projects: 1 projects
[03:48:03.168] [DEBUG] Getting Storybook data...
[03:48:03.169] [DEBUG] Getting Storybook info...
[03:48:03.273] [DEBUG] Loading main config...
[03:48:03.273] [DEBUG] Getting stories paths...
[03:48:03.295] [DEBUG] Getting package manager...
[03:48:04.093] [DEBUG] Getting package.json info for D:/documents-from-c/GitHub/chakra-figma-starter/package.json...
[03:48:04.093] [DEBUG] Getting Storybook version...
[03:48:04.094] [DEBUG] D:/documents-from-c/GitHub/chakra-figma-starter/.storybook - Validating before version... undefined
[03:48:04.094] [DEBUG] SB_CLI_UPGRADE_0005 (UpgradeStorybookUnknownCurrentVersionError): We couldn't determine the current version of Storybook in your project.

Are you running the Storybook CLI in a project without Storybook?
It might help if you specify your Storybook config directory with the --config-dir flag.
[03:48:04.094] [INFO] 1 project detected
[03:48:04.094] [DEBUG] Found 0 valid projects and 1 error projects
[03:48:04.094] [ERROR] Failed to get projects
[03:48:04.094] [ERROR] [38;2;241;97;97mError: ❌ Storybook found errors while collecting data for the following projects:
D:/documents-from-c/GitHub/chakra-figma-starter/.storybook:
SB_CLI_UPGRADE_0005 (UpgradeStorybookUnknownCurrentVersionError): We couldn't determine the current version of Storybook in your project.

Are you running the Storybook CLI in a project without Storybook?
It might help if you specify your Storybook config directory with the --config-dir flag.
    at validateVersion (file:///C:/Users/Rich/AppData/Local/npm-cache/_npx/6b8babe225378cdd/node_modules/@storybook/cli/dist/_node-chunks/chunk-7UZ7H5B2.js:252:11)
    at processProject (file:///C:/Users/Rich/AppData/Local/npm-cache/_npx/6b8babe225378cdd/node_modules/@storybook/cli/dist/_node-chunks/chunk-7UZ7H5B2.js:297:82)
Please fix the errors and run the upgrade command again.[39m
    at getProjects (file:///C:/Users/Rich/AppData/Local/npm-cache/_npx/6b8babe225378cdd/node_modules/@storybook/cli/dist/_node-chunks/chunk-7UZ7H5B2.js:468:13)
    at async upgrade (file:///C:/Users/Rich/AppData/Local/npm-cache/_npx/6b8babe225378cdd/node_modules/@storybook/cli/dist/_node-chunks/run-4UWMWJJE.js:9360:24)
    at async file:///C:/Users/Rich/AppData/Local/npm-cache/_npx/6b8babe225378cdd/node_modules/@storybook/cli/dist/_node-chunks/run-4UWMWJJE.js:9558:70
    at async withTelemetry (file:///C:/Users/Rich/AppData/Local/npm-cache/_npx/6b8babe225378cdd/node_modules/storybook/dist/_node-chunks/chunk-2372JZ52.js:209:12)
    at async Command.<anonymous> (file:///C:/Users/Rich/AppData/Local/npm-cache/_npx/6b8babe225378cdd/node_modules/@storybook/cli/dist/_node-chunks/run-4UWMWJJE.js:9554:3)
[03:48:04.101] [INFO] Storybook collects completely anonymous usage telemetry. We use it to shape Storybook's roadmap and prioritize features. You can learn more, including how to opt out, at https://storybook.js.org/telemetry
[03:48:04.524] [ERROR] Error: ❌ Storybook found errors while collecting data for the following projects:
D:/documents-from-c/GitHub/chakra-figma-starter/.storybook:
SB_CLI_UPGRADE_0005 (UpgradeStorybookUnknownCurrentVersionError): We couldn't determine the current version of Storybook in your project.

Are you running the Storybook CLI in a project without Storybook?
It might help if you specify your Storybook config directory with the --config-dir flag.
    at validateVersion (file:///C:/Users/Rich/AppData/Local/npm-cache/_npx/6b8babe225378cdd/node_modules/@storybook/cli/dist/_node-chunks/chunk-7UZ7H5B2.js:252:11)
    at processProject (file:///C:/Users/Rich/AppData/Local/npm-cache/_npx/6b8babe225378cdd/node_modules/@storybook/cli/dist/_node-chunks/chunk-7UZ7H5B2.js:297:82)
Please fix the errors and run the upgrade command again.