
> chakra-figma-starter@1.0.0 build-storybook
> storybook build --output-dir=C:\Users\Rich\AppData\Local\Temp\chromatic--38332-Tfv1i3aBTG5V


[90mâ”Œ[39m  Building storybook v10.1.11
[90mâ”‚[39m
[32mâ—‡[39m  Cleaning outputDir:
[90mâ”‚[39m  [36mC:/Users/Rich/AppData/Local/Temp/chromatic--38332-Tfv1i3aBTG5V[39m
[90mâ”‚[39m
[32mâ—‡[39m  Loading presets
[90mâ”‚[39m
[33mâ–²[39m  Could not resolve addon "@storybook/addon-essentials", skipping. Is it
[90mâ”‚[39m  installed?
[90mâ”‚[39m
[33mâ–²[39m  Could not resolve addon "@storybook/addon-interactions", skipping. Is
[90mâ”‚[39m  it installed?
[90mâ”‚[39m
[33mâ–²[39m  Could not resolve addon "@storybook/addon-essentials", skipping. Is it
[90mâ”‚[39m  installed?
[90mâ”‚[39m
[33mâ–²[39m  Could not resolve addon "@storybook/addon-interactions", skipping. Is
[90mâ”‚[39m  it installed?
[90mâ”‚[39m
[32mâ—‡[39m  Building manager..
[90mâ”‚[39m
[34mâ—[39m  Building preview..
[90mâ”‚[39m
[33mâ–²[39m  No story files found for the specified pattern: [34msrc\**\*.mdx[39m
[90mâ”‚[39m  [43mVite[49m [36mvite v5.4.21 [32mbuilding for production...[36m[39m
[90mâ”‚[39m  [43mVite[49m transforming...
[90mâ”‚[39m  [43mVite[49m [32mâœ“[39m 63 modules transformed.
[90mâ”‚[39m
[31mâ– [39m  [43mVite[49m [31mx[39m Build failed in 1.53s
[90mâ”‚[39m
[31mâ– [39m  Failed to build the preview
[90mâ”‚[39m
[31mâ– [39m  [31m[vite]: Rollup failed to resolve import "@storybook/test" from[39m
[90mâ”‚[39m  [31m"D:/documents-from-c/GitHub/chakra-figma-starter/src/components/Button/Button.stories.tsx".
[90mâ”‚[39m  This is most likely unintended because it can break your application
[90mâ”‚[39m  at runtime.
[90mâ”‚[39m  If you do want to externalize this module explicitly add it to
[90mâ”‚[39m  `build.rollupOptions.external`[39m
[90mâ”‚[39m  at viteWarn
[90mâ”‚[39m  (file:///D:/documents-from-c/GitHub/chakra-figma-starter/node_modules/vite/dist/node/chunks/dep-BK3b2jBa.js:65855:17)
[90mâ”‚[39m  at onwarn
[90mâ”‚[39m  (file:///D:/documents-from-c/GitHub/chakra-figma-starter/node_modules/@vitejs/plugin-react/dist/index.js:90:7)
[90mâ”‚[39m  at onRollupWarning
[90mâ”‚[39m  (file:///D:/documents-from-c/GitHub/chakra-figma-starter/node_modules/vite/dist/node/chunks/dep-BK3b2jBa.js:65885:5)
[90mâ”‚[39m  at onwarn
[90mâ”‚[39m  (file:///D:/documents-from-c/GitHub/chakra-figma-starter/node_modules/vite/dist/node/chunks/dep-BK3b2jBa.js:65550:7)
[90mâ”‚[39m  at
[90mâ”‚[39m  file:///D:/documents-from-c/GitHub/chakra-figma-starter/node_modules/rollup/dist/es/shared/node-entry.js:21095:13
[90mâ”‚[39m  at Object.logger [as onLog]
[90mâ”‚[39m  (file:///D:/documents-from-c/GitHub/chakra-figma-starter/node_modules/rollup/dist/es/shared/node-entry.js:22968:9)
[90mâ”‚[39m  at ModuleLoader.handleInvalidResolvedId
[90mâ”‚[39m  (file:///D:/documents-from-c/GitHub/chakra-figma-starter/node_modules/rollup/dist/es/shared/node-entry.js:21712:26)
[90mâ”‚[39m  at
[90mâ”‚[39m  file:///D:/documents-from-c/GitHub/chakra-figma-starter/node_modules/rollup/dist/es/shared/node-entry.js:21670:26
[90mâ”‚[39m
[33mâ–²[39m  Could not resolve addon "@storybook/addon-essentials", skipping. Is it
[90mâ”‚[39m  installed?
[90mâ”‚[39m
[33mâ–²[39m  Could not resolve addon "@storybook/addon-interactions", skipping. Is
[90mâ”‚[39m  it installed?
[90mâ”‚[39m
[90mâ””[39m  Storybook exited with an error

